# JRE version: OpenJDK Runtime Environment Corretto-11.0.12.7.1 (11.0.12+7) (build 11.0.12+7-LTS)
# Java VM: OpenJDK 64-Bit Server VM Corretto-11.0.12.7.1 (11.0.12+7-LTS, mixed mode, tiered, compressed oops, g1 gc, windows-amd64)
Heap:
 garbage-first heap   total 196608K, used 40265K [0x0000000741600000, 0x0000000800000000)
  region size 1024K, 35 young (35840K), 6 survivors (6144K)
 Metaspace       used 31915K, capacity 32716K, committed 32892K, reserved 1077248K
  class space    used 3791K, capacity 4122K, committed 4224K, reserved 1048576K
GC Heap History (12 events):
Event: 1.634 GC heap before
{Heap before GC invocations=0 (full 0):
 garbage-first heap   total 196608K, used 15360K [0x0000000741600000, 0x0000000800000000)
  region size 1024K, 14 young (14336K), 0 survivors (0K)
 Metaspace       used 9365K, capacity 9501K, committed 9728K, reserved 1058816K
  class space    used 857K, capacity 911K, committed 1024K, reserved 1048576K
}
Event: 1.643 GC heap after
{Heap after GC invocations=1 (full 0):
 garbage-first heap   total 196608K, used 6008K [0x0000000741600000, 0x0000000800000000)
  region size 1024K, 2 young (2048K), 2 survivors (2048K)
 Metaspace       used 9365K, capacity 9501K, committed 9728K, reserved 1058816K
  class space    used 857K, capacity 911K, committed 1024K, reserved 1048576K
}
Event: 2.005 GC heap before
{Heap before GC invocations=1 (full 0):
 garbage-first heap   total 196608K, used 13176K [0x0000000741600000, 0x0000000800000000)
  region size 1024K, 9 young (9216K), 2 survivors (2048K)
 Metaspace       used 11213K, capacity 11418K, committed 11648K, reserved 1060864K
  class space    used 1090K, capacity 1148K, committed 1152K, reserved 1048576K
}
Event: 2.010 GC heap after
{Heap after GC invocations=2 (full 0):
 garbage-first heap   total 196608K, used 6524K [0x0000000741600000, 0x0000000800000000)
  region size 1024K, 1 young (1024K), 1 survivors (1024K)
 Metaspace       used 11213K, capacity 11418K, committed 11648K, reserved 1060864K
  class space    used 1090K, capacity 1148K, committed 1152K, reserved 1048576K
}
Event: 2.055 GC heap before
{Heap before GC invocations=2 (full 0):
 garbage-first heap   total 196608K, used 30076K [0x0000000741600000, 0x0000000800000000)
  region size 1024K, 25 young (25600K), 1 survivors (1024K)
 Metaspace       used 11223K, capacity 11418K, committed 11648K, reserved 1060864K
  class space    used 1090K, capacity 1148K, committed 1152K, reserved 1048576K
}
Event: 2.057 GC heap after
{Heap after GC invocations=3 (full 0):
 garbage-first heap   total 196608K, used 6621K [0x0000000741600000, 0x0000000800000000)
  region size 1024K, 1 young (1024K), 1 survivors (1024K)
 Metaspace       used 11223K, capacity 11418K, committed 11648K, reserved 1060864K
  class space    used 1090K, capacity 1148K, committed 1152K, reserved 1048576K
}
Event: 3.533 GC heap before
{Heap before GC invocations=3 (full 0):
 garbage-first heap   total 196608K, used 49629K [0x0000000741600000, 0x0000000800000000)
  region size 1024K, 44 young (45056K), 1 survivors (1024K)
 Metaspace       used 18493K, capacity 18986K, committed 19200K, reserved 1067008K
  class space    used 2013K, capacity 2199K, committed 2304K, reserved 1048576K
}
Event: 3.538 GC heap after
{Heap after GC invocations=4 (full 0):
 garbage-first heap   total 196608K, used 8407K [0x0000000741600000, 0x0000000800000000)
  region size 1024K, 3 young (3072K), 3 survivors (3072K)
 Metaspace       used 18493K, capacity 18986K, committed 19200K, reserved 1067008K
  class space    used 2013K, capacity 2199K, committed 2304K, reserved 1048576K
}
Event: 4.139 GC heap before
{Heap before GC invocations=4 (full 0):
 garbage-first heap   total 196608K, used 20695K [0x0000000741600000, 0x0000000800000000)
  region size 1024K, 16 young (16384K), 3 survivors (3072K)
 Metaspace       used 20736K, capacity 21210K, committed 21248K, reserved 1069056K
  class space    used 2336K, capacity 2532K, committed 2560K, reserved 1048576K
}
Event: 4.146 GC heap after
{Heap after GC invocations=5 (full 0):
 garbage-first heap   total 196608K, used 9033K [0x0000000741600000, 0x0000000800000000)
  region size 1024K, 3 young (3072K), 3 survivors (3072K)
 Metaspace       used 20736K, capacity 21210K, committed 21248K, reserved 1069056K
  class space    used 2336K, capacity 2532K, committed 2560K, reserved 1048576K
}
Event: 7.057 GC heap before
{Heap before GC invocations=6 (full 0):
 garbage-first heap   total 196608K, used 98121K [0x0000000741600000, 0x0000000800000000)
  region size 1024K, 91 young (93184K), 3 survivors (3072K)
 Metaspace       used 28931K, capacity 29658K, committed 29820K, reserved 1075200K
  class space    used 3391K, capacity 3689K, committed 3712K, reserved 1048576K
}
Event: 7.071 GC heap after
{Heap after GC invocations=7 (full 0):
 garbage-first heap   total 196608K, used 11593K [0x0000000741600000, 0x0000000800000000)
  region size 1024K, 6 young (6144K), 6 survivors (6144K)
 Metaspace       used 28931K, capacity 29658K, committed 29820K, reserved 1075200K
  class space    used 3391K, capacity 3689K, committed 3712K, reserved 1048576K
}

