# JRE version: OpenJDK Runtime Environment Corretto-11.0.12.7.1 (11.0.12+7) (build 11.0.12+7-LTS)
# Java VM: OpenJDK 64-Bit Server VM Corretto-11.0.12.7.1 (11.0.12+7-LTS, mixed mode, tiered, compressed oops, parallel gc, windows-amd64)
Heap:
 PSYoungGen      total 74240K, used 34574K [0x00000000eab00000, 0x00000000f2d00000, 0x0000000100000000)
  eden space 62464K, 36% used [0x00000000eab00000,0x00000000ec14aa80,0x00000000ee800000)
  from space 11776K, 99% used [0x00000000eef80000,0x00000000efaf90c8,0x00000000efb00000)
  to   space 35328K, 0% used [0x00000000f0a80000,0x00000000f0a80000,0x00000000f2d00000)
 ParOldGen       total 155136K, used 97374K [0x00000000c0000000, 0x00000000c9780000, 0x00000000eab00000)
  object space 155136K, 62% used [0x00000000c0000000,0x00000000c5f17a20,0x00000000c9780000)
 Metaspace       used 56649K, capacity 59695K, committed 59904K, reserved 1101824K
  class space    used 5669K, capacity 6829K, committed 6912K, reserved 1048576K
GC Heap History (20 events):
Event: 16.063 GC heap before
{Heap before GC invocations=18 (full 2):
 PSYoungGen      total 20480K, used 20292K [0x00000000eab00000, 0x00000000ec600000, 0x0000000100000000)
  eden space 16384K, 100% used [0x00000000eab00000,0x00000000ebb00000,0x00000000ebb00000)
  from space 4096K, 95% used [0x00000000ebb00000,0x00000000ebed1390,0x00000000ebf00000)
  to   space 5632K, 0% used [0x00000000ec080000,0x00000000ec080000,0x00000000ec600000)
 ParOldGen       total 68608K, used 36891K [0x00000000c0000000, 0x00000000c4300000, 0x00000000eab00000)
  object space 68608K, 53% used [0x00000000c0000000,0x00000000c2406ef8,0x00000000c4300000)
 Metaspace       used 48041K, capacity 50537K, committed 50816K, reserved 1093632K
  class space    used 4972K, capacity 5951K, committed 6016K, reserved 1048576K
}
Event: 16.081 GC heap after
{Heap after GC invocations=18 (full 2):
 PSYoungGen      total 16896K, used 384K [0x00000000eab00000, 0x00000000ec100000, 0x0000000100000000)
  eden space 16384K, 0% used [0x00000000eab00000,0x00000000eab00000,0x00000000ebb00000)
  from space 512K, 75% used [0x00000000ec080000,0x00000000ec0e0000,0x00000000ec100000)
  to   space 2048K, 0% used [0x00000000ebd00000,0x00000000ebd00000,0x00000000ebf00000)
 ParOldGen       total 68608K, used 46497K [0x00000000c0000000, 0x00000000c4300000, 0x00000000eab00000)
  object space 68608K, 67% used [0x00000000c0000000,0x00000000c2d68688,0x00000000c4300000)
 Metaspace       used 48041K, capacity 50537K, committed 50816K, reserved 1093632K
  class space    used 4972K, capacity 5951K, committed 6016K, reserved 1048576K
}
Event: 16.095 GC heap before
{Heap before GC invocations=19 (full 2):
 PSYoungGen      total 16896K, used 16768K [0x00000000eab00000, 0x00000000ec100000, 0x0000000100000000)
  eden space 16384K, 100% used [0x00000000eab00000,0x00000000ebb00000,0x00000000ebb00000)
  from space 512K, 75% used [0x00000000ec080000,0x00000000ec0e0000,0x00000000ec100000)
  to   space 2048K, 0% used [0x00000000ebd00000,0x00000000ebd00000,0x00000000ebf00000)
 ParOldGen       total 68608K, used 46498K [0x00000000c0000000, 0x00000000c4300000, 0x00000000eab00000)
  object space 68608K, 67% used [0x00000000c0000000,0x00000000c2d689a0,0x00000000c4300000)
 Metaspace       used 48046K, capacity 50538K, committed 50816K, reserved 1093632K
  class space    used 4972K, capacity 5951K, committed 6016K, reserved 1048576K
}
Event: 16.115 GC heap after
{Heap after GC invocations=19 (full 2):
 PSYoungGen      total 20480K, used 64K [0x00000000eab00000, 0x00000000ec600000, 0x0000000100000000)
  eden space 18432K, 0% used [0x00000000eab00000,0x00000000eab00000,0x00000000ebd00000)
  from space 2048K, 3% used [0x00000000ebd00000,0x00000000ebd10000,0x00000000ebf00000)
  to   space 512K, 0% used [0x00000000ec580000,0x00000000ec580000,0x00000000ec600000)
 ParOldGen       total 68608K, used 62154K [0x00000000c0000000, 0x00000000c4300000, 0x00000000eab00000)
  object space 68608K, 90% used [0x00000000c0000000,0x00000000c3cb29b0,0x00000000c4300000)
 Metaspace       used 48046K, capacity 50538K, committed 50816K, reserved 1093632K
  class space    used 4972K, capacity 5951K, committed 6016K, reserved 1048576K
}
Event: 16.115 GC heap before
{Heap before GC invocations=20 (full 3):
 PSYoungGen      total 20480K, used 64K [0x00000000eab00000, 0x00000000ec600000, 0x0000000100000000)
  eden space 18432K, 0% used [0x00000000eab00000,0x00000000eab00000,0x00000000ebd00000)
  from space 2048K, 3% used [0x00000000ebd00000,0x00000000ebd10000,0x00000000ebf00000)
  to   space 512K, 0% used [0x00000000ec580000,0x00000000ec580000,0x00000000ec600000)
 ParOldGen       total 68608K, used 62154K [0x00000000c0000000, 0x00000000c4300000, 0x00000000eab00000)
  object space 68608K, 90% used [0x00000000c0000000,0x00000000c3cb29b0,0x00000000c4300000)
 Metaspace       used 48046K, capacity 50538K, committed 50816K, reserved 1093632K
  class space    used 4972K, capacity 5951K, committed 6016K, reserved 1048576K
}
Event: 16.707 GC heap after
{Heap after GC invocations=20 (full 3):
 PSYoungGen      total 27136K, used 0K [0x00000000eab00000, 0x00000000ec600000, 0x0000000100000000)
  eden space 26624K, 0% used [0x00000000eab00000,0x00000000eab00000,0x00000000ec500000)
  from space 512K, 0% used [0x00000000ec580000,0x00000000ec580000,0x00000000ec600000)
  to   space 512K, 0% used [0x00000000ec500000,0x00000000ec500000,0x00000000ec580000)
 ParOldGen       total 109568K, used 59051K [0x00000000c0000000, 0x00000000c6b00000, 0x00000000eab00000)
  object space 109568K, 53% used [0x00000000c0000000,0x00000000c39aad88,0x00000000c6b00000)
 Metaspace       used 48042K, capacity 50532K, committed 50816K, reserved 1093632K
  class space    used 4971K, capacity 5949K, committed 6016K, reserved 1048576K
}
Event: 16.830 GC heap before
{Heap before GC invocations=21 (full 3):
 PSYoungGen      total 27136K, used 26624K [0x00000000eab00000, 0x00000000ec600000, 0x0000000100000000)
  eden space 26624K, 100% used [0x00000000eab00000,0x00000000ec500000,0x00000000ec500000)
  from space 512K, 0% used [0x00000000ec580000,0x00000000ec580000,0x00000000ec600000)
  to   space 512K, 0% used [0x00000000ec500000,0x00000000ec500000,0x00000000ec580000)
 ParOldGen       total 109568K, used 59051K [0x00000000c0000000, 0x00000000c6b00000, 0x00000000eab00000)
  object space 109568K, 53% used [0x00000000c0000000,0x00000000c39aad88,0x00000000c6b00000)
 Metaspace       used 48239K, capacity 50756K, committed 50816K, reserved 1093632K
  class space    used 4977K, capacity 5981K, committed 6016K, reserved 1048576K
}
Event: 16.864 GC heap after
{Heap after GC invocations=21 (full 3):
 PSYoungGen      total 27136K, used 512K [0x00000000eab00000, 0x00000000eeb00000, 0x0000000100000000)
  eden space 26624K, 0% used [0x00000000eab00000,0x00000000eab00000,0x00000000ec500000)
  from space 512K, 100% used [0x00000000ec500000,0x00000000ec580000,0x00000000ec580000)
  to   space 13824K, 0% used [0x00000000edd80000,0x00000000edd80000,0x00000000eeb00000)
 ParOldGen       total 109568K, used 70076K [0x00000000c0000000, 0x00000000c6b00000, 0x00000000eab00000)
  object space 109568K, 63% used [0x00000000c0000000,0x00000000c446f328,0x00000000c6b00000)
 Metaspace       used 48239K, capacity 50756K, committed 50816K, reserved 1093632K
  class space    used 4977K, capacity 5981K, committed 6016K, reserved 1048576K
}
Event: 17.063 GC heap before
{Heap before GC invocations=22 (full 3):
 PSYoungGen      total 27136K, used 27136K [0x00000000eab00000, 0x00000000eeb00000, 0x0000000100000000)
  eden space 26624K, 100% used [0x00000000eab00000,0x00000000ec500000,0x00000000ec500000)
  from space 512K, 100% used [0x00000000ec500000,0x00000000ec580000,0x00000000ec580000)
  to   space 13824K, 0% used [0x00000000edd80000,0x00000000edd80000,0x00000000eeb00000)
 ParOldGen       total 109568K, used 70076K [0x00000000c0000000, 0x00000000c6b00000, 0x00000000eab00000)
  object space 109568K, 63% used [0x00000000c0000000,0x00000000c446f328,0x00000000c6b00000)
 Metaspace       used 48350K, capacity 50884K, committed 51072K, reserved 1093632K
  class space    used 4984K, capacity 5981K, committed 6016K, reserved 1048576K
}
Event: 17.097 GC heap after
{Heap after GC invocations=22 (full 3):
 PSYoungGen      total 45568K, used 7648K [0x00000000eab00000, 0x00000000ee500000, 0x0000000100000000)
  eden space 37888K, 0% used [0x00000000eab00000,0x00000000eab00000,0x00000000ed000000)
  from space 7680K, 99% used [0x00000000edd80000,0x00000000ee4f8000,0x00000000ee500000)
  to   space 9216K, 0% used [0x00000000ed300000,0x00000000ed300000,0x00000000edc00000)
 ParOldGen       total 109568K, used 70449K [0x00000000c0000000, 0x00000000c6b00000, 0x00000000eab00000)
  object space 109568K, 64% used [0x00000000c0000000,0x00000000c44cc680,0x00000000c6b00000)
 Metaspace       used 48350K, capacity 50884K, committed 51072K, reserved 1093632K
  class space    used 4984K, capacity 5981K, committed 6016K, reserved 1048576K
}
Event: 17.649 GC heap before
{Heap before GC invocations=23 (full 3):
 PSYoungGen      total 45568K, used 45536K [0x00000000eab00000, 0x00000000ee500000, 0x0000000100000000)
  eden space 37888K, 100% used [0x00000000eab00000,0x00000000ed000000,0x00000000ed000000)
  from space 7680K, 99% used [0x00000000edd80000,0x00000000ee4f8000,0x00000000ee500000)
  to   space 9216K, 0% used [0x00000000ed300000,0x00000000ed300000,0x00000000edc00000)
 ParOldGen       total 109568K, used 70449K [0x00000000c0000000, 0x00000000c6b00000, 0x00000000eab00000)
  object space 109568K, 64% used [0x00000000c0000000,0x00000000c44cc680,0x00000000c6b00000)
 Metaspace       used 48425K, capacity 50884K, committed 51072K, reserved 1093632K
  class space    used 4989K, capacity 5981K, committed 6016K, reserved 1048576K
}
Event: 17.717 GC heap after
{Heap after GC invocations=23 (full 3):
 PSYoungGen      total 50176K, used 9216K [0x00000000eab00000, 0x00000000f2480000, 0x0000000100000000)
  eden space 40960K, 0% used [0x00000000eab00000,0x00000000eab00000,0x00000000ed300000)
  from space 9216K, 100% used [0x00000000ed300000,0x00000000edc00000,0x00000000edc00000)
  to   space 35840K, 0% used [0x00000000f0180000,0x00000000f0180000,0x00000000f2480000)
 ParOldGen       total 109568K, used 92769K [0x00000000c0000000, 0x00000000c6b00000, 0x00000000eab00000)
  object space 109568K, 84% used [0x00000000c0000000,0x00000000c5a98700,0x00000000c6b00000)
 Metaspace       used 48425K, capacity 50884K, committed 51072K, reserved 1093632K
  class space    used 4989K, capacity 5981K, committed 6016K, reserved 1048576K
}
Event: 17.717 GC heap before
{Heap before GC invocations=24 (full 4):
 PSYoungGen      total 50176K, used 9216K [0x00000000eab00000, 0x00000000f2480000, 0x0000000100000000)
  eden space 40960K, 0% used [0x00000000eab00000,0x00000000eab00000,0x00000000ed300000)
  from space 9216K, 100% used [0x00000000ed300000,0x00000000edc00000,0x00000000edc00000)
  to   space 35840K, 0% used [0x00000000f0180000,0x00000000f0180000,0x00000000f2480000)
 ParOldGen       total 109568K, used 92769K [0x00000000c0000000, 0x00000000c6b00000, 0x00000000eab00000)
  object space 109568K, 84% used [0x00000000c0000000,0x00000000c5a98700,0x00000000c6b00000)
 Metaspace       used 48425K, capacity 50884K, committed 51072K, reserved 1093632K
  class space    used 4989K, capacity 5981K, committed 6016K, reserved 1048576K
}
Event: 18.054 GC heap after
{Heap after GC invocations=24 (full 4):
 PSYoungGen      total 88576K, used 0K [0x00000000eab00000, 0x00000000f2480000, 0x0000000100000000)
  eden space 52736K, 0% used [0x00000000eab00000,0x00000000eab00000,0x00000000ede80000)
  from space 35840K, 0% used [0x00000000f0180000,0x00000000f0180000,0x00000000f2480000)
  to   space 35840K, 0% used [0x00000000ede80000,0x00000000ede80000,0x00000000f0180000)
 ParOldGen       total 155136K, used 77559K [0x00000000c0000000, 0x00000000c9780000, 0x00000000eab00000)
  object space 155136K, 49% used [0x00000000c0000000,0x00000000c4bbdc60,0x00000000c9780000)
 Metaspace       used 48425K, capacity 50884K, committed 51072K, reserved 1093632K
  class space    used 4989K, capacity 5981K, committed 6016K, reserved 1048576K
}
Event: 19.064 GC heap before
{Heap before GC invocations=25 (full 4):
 PSYoungGen      total 88576K, used 52736K [0x00000000eab00000, 0x00000000f2480000, 0x0000000100000000)
  eden space 52736K, 100% used [0x00000000eab00000,0x00000000ede80000,0x00000000ede80000)
  from space 35840K, 0% used [0x00000000f0180000,0x00000000f0180000,0x00000000f2480000)
  to   space 35840K, 0% used [0x00000000ede80000,0x00000000ede80000,0x00000000f0180000)
 ParOldGen       total 155136K, used 77559K [0x00000000c0000000, 0x00000000c9780000, 0x00000000eab00000)
  object space 155136K, 49% used [0x00000000c0000000,0x00000000c4bbdc60,0x00000000c9780000)
 Metaspace       used 49056K, capacity 51512K, committed 51712K, reserved 1095680K
  class space    used 5037K, capacity 6020K, committed 6144K, reserved 1048576K
}
Event: 19.079 GC heap after
{Heap after GC invocations=25 (full 4):
 PSYoungGen      total 60928K, used 7930K [0x00000000eab00000, 0x00000000f0c80000, 0x0000000100000000)
  eden space 52736K, 0% used [0x00000000eab00000,0x00000000eab00000,0x00000000ede80000)
  from space 8192K, 96% used [0x00000000ede80000,0x00000000ee63e900,0x00000000ee680000)
  to   space 16896K, 0% used [0x00000000efc00000,0x00000000efc00000,0x00000000f0c80000)
 ParOldGen       total 155136K, used 77567K [0x00000000c0000000, 0x00000000c9780000, 0x00000000eab00000)
  object space 155136K, 49% used [0x00000000c0000000,0x00000000c4bbfc60,0x00000000c9780000)
 Metaspace       used 49056K, capacity 51512K, committed 51712K, reserved 1095680K
  class space    used 5037K, capacity 6020K, committed 6144K, reserved 1048576K
}
Event: 21.057 GC heap before
{Heap before GC invocations=26 (full 4):
 PSYoungGen      total 60928K, used 60521K [0x00000000eab00000, 0x00000000f0c80000, 0x0000000100000000)
  eden space 52736K, 99% used [0x00000000eab00000,0x00000000ede5be08,0x00000000ede80000)
  from space 8192K, 96% used [0x00000000ede80000,0x00000000ee63e900,0x00000000ee680000)
  to   space 16896K, 0% used [0x00000000efc00000,0x00000000efc00000,0x00000000f0c80000)
 ParOldGen       total 155136K, used 77567K [0x00000000c0000000, 0x00000000c9780000, 0x00000000eab00000)
  object space 155136K, 49% used [0x00000000c0000000,0x00000000c4bbfc60,0x00000000c9780000)
 Metaspace       used 54676K, capacity 57417K, committed 57600K, reserved 1099776K
  class space    used 5496K, capacity 6558K, committed 6656K, reserved 1048576K
}
Event: 21.090 GC heap after
{Heap after GC invocations=26 (full 4):
 PSYoungGen      total 74752K, used 10544K [0x00000000eab00000, 0x00000000f0680000, 0x0000000100000000)
  eden space 64000K, 0% used [0x00000000eab00000,0x00000000eab00000,0x00000000ee980000)
  from space 10752K, 98% used [0x00000000efc00000,0x00000000f064c010,0x00000000f0680000)
  to   space 11776K, 0% used [0x00000000eef80000,0x00000000eef80000,0x00000000efb00000)
 ParOldGen       total 155136K, used 77575K [0x00000000c0000000, 0x00000000c9780000, 0x00000000eab00000)
  object space 155136K, 50% used [0x00000000c0000000,0x00000000c4bc1c60,0x00000000c9780000)
 Metaspace       used 54676K, capacity 57417K, committed 57600K, reserved 1099776K
  class space    used 5496K, capacity 6558K, committed 6656K, reserved 1048576K
}
Event: 182.072 GC heap before
{Heap before GC invocations=27 (full 4):
 PSYoungGen      total 74752K, used 74544K [0x00000000eab00000, 0x00000000f0680000, 0x0000000100000000)
  eden space 64000K, 100% used [0x00000000eab00000,0x00000000ee980000,0x00000000ee980000)
  from space 10752K, 98% used [0x00000000efc00000,0x00000000f064c010,0x00000000f0680000)
  to   space 11776K, 0% used [0x00000000eef80000,0x00000000eef80000,0x00000000efb00000)
 ParOldGen       total 155136K, used 77575K [0x00000000c0000000, 0x00000000c9780000, 0x00000000eab00000)
  object space 155136K, 50% used [0x00000000c0000000,0x00000000c4bc1c60,0x00000000c9780000)
 Metaspace       used 56214K, capacity 59260K, committed 59392K, reserved 1101824K
  class space    used 5618K, capacity 6789K, committed 6912K, reserved 1048576K
}
Event: 182.144 GC heap after
{Heap after GC invocations=27 (full 4):
 PSYoungGen      total 74240K, used 11748K [0x00000000eab00000, 0x00000000f2d00000, 0x0000000100000000)
  eden space 62464K, 0% used [0x00000000eab00000,0x00000000eab00000,0x00000000ee800000)
  from space 11776K, 99% used [0x00000000eef80000,0x00000000efaf90c8,0x00000000efb00000)
  to   space 35328K, 0% used [0x00000000f0a80000,0x00000000f0a80000,0x00000000f2d00000)
 ParOldGen       total 155136K, used 97374K [0x00000000c0000000, 0x00000000c9780000, 0x00000000eab00000)
  object space 155136K, 62% used [0x00000000c0000000,0x00000000c5f17a20,0x00000000c9780000)
 Metaspace       used 56214K, capacity 59260K, committed 59392K, reserved 1101824K
  class space    used 5618K, capacity 6789K, committed 6912K, reserved 1048576K
}

