# JRE version: OpenJDK Runtime Environment Corretto-11.0.12.7.1 (11.0.12+7) (build 11.0.12+7-LTS)
# Java VM: OpenJDK 64-Bit Server VM Corretto-11.0.12.7.1 (11.0.12+7-LTS, mixed mode, tiered, compressed oops, parallel gc, windows-amd64)
Heap:
 PSYoungGen      total 31232K, used 9674K [0x00000000eab00000, 0x00000000ed080000, 0x0000000100000000)
  eden space 25600K, 15% used [0x00000000eab00000,0x00000000eaef48f8,0x00000000ec400000)
  from space 5632K, 99% used [0x00000000ec400000,0x00000000ec97e1f8,0x00000000ec980000)
  to   space 6144K, 0% used [0x00000000eca80000,0x00000000eca80000,0x00000000ed080000)
 ParOldGen       total 178176K, used 117539K [0x00000000c0000000, 0x00000000cae00000, 0x00000000eab00000)
  object space 178176K, 65% used [0x00000000c0000000,0x00000000c72c8fe8,0x00000000cae00000)
 Metaspace       used 59893K, capacity 63097K, committed 63272K, reserved 1105920K
  class space    used 5960K, capacity 7095K, committed 7216K, reserved 1048576K
GC Heap History (20 events):
Event: 39.405 GC heap before
{Heap before GC invocations=36 (full 4):
 PSYoungGen      total 22016K, used 21737K [0x00000000eab00000, 0x00000000ec580000, 0x0000000100000000)
  eden space 17920K, 100% used [0x00000000eab00000,0x00000000ebc80000,0x00000000ebc80000)
  from space 4096K, 93% used [0x00000000ebc80000,0x00000000ec03a410,0x00000000ec080000)
  to   space 4096K, 0% used [0x00000000ec180000,0x00000000ec180000,0x00000000ec580000)
 ParOldGen       total 120832K, used 89543K [0x00000000c0000000, 0x00000000c7600000, 0x00000000eab00000)
  object space 120832K, 74% used [0x00000000c0000000,0x00000000c5771f80,0x00000000c7600000)
 Metaspace       used 55475K, capacity 58212K, committed 58408K, reserved 1101824K
  class space    used 5585K, capacity 6605K, committed 6704K, reserved 1048576K
}
Event: 39.415 GC heap after
{Heap after GC invocations=36 (full 4):
 PSYoungGen      total 22016K, used 4073K [0x00000000eab00000, 0x00000000ec780000, 0x0000000100000000)
  eden space 17920K, 0% used [0x00000000eab00000,0x00000000eab00000,0x00000000ebc80000)
  from space 4096K, 99% used [0x00000000ec180000,0x00000000ec57a410,0x00000000ec580000)
  to   space 5120K, 0% used [0x00000000ebc80000,0x00000000ebc80000,0x00000000ec180000)
 ParOldGen       total 120832K, used 90367K [0x00000000c0000000, 0x00000000c7600000, 0x00000000eab00000)
  object space 120832K, 74% used [0x00000000c0000000,0x00000000c583ff80,0x00000000c7600000)
 Metaspace       used 55475K, capacity 58212K, committed 58408K, reserved 1101824K
  class space    used 5585K, capacity 6605K, committed 6704K, reserved 1048576K
}
Event: 43.478 GC heap before
{Heap before GC invocations=37 (full 4):
 PSYoungGen      total 22016K, used 21993K [0x00000000eab00000, 0x00000000ec780000, 0x0000000100000000)
  eden space 17920K, 100% used [0x00000000eab00000,0x00000000ebc80000,0x00000000ebc80000)
  from space 4096K, 99% used [0x00000000ec180000,0x00000000ec57a410,0x00000000ec580000)
  to   space 5120K, 0% used [0x00000000ebc80000,0x00000000ebc80000,0x00000000ec180000)
 ParOldGen       total 120832K, used 90367K [0x00000000c0000000, 0x00000000c7600000, 0x00000000eab00000)
  object space 120832K, 74% used [0x00000000c0000000,0x00000000c583ff80,0x00000000c7600000)
 Metaspace       used 55819K, capacity 58576K, committed 58664K, reserved 1101824K
  class space    used 5594K, capacity 6641K, committed 6704K, reserved 1048576K
}
Event: 43.611 GC heap after
{Heap after GC invocations=37 (full 4):
 PSYoungGen      total 23040K, used 4617K [0x00000000eab00000, 0x00000000ec700000, 0x0000000100000000)
  eden space 17920K, 0% used [0x00000000eab00000,0x00000000eab00000,0x00000000ebc80000)
  from space 5120K, 90% used [0x00000000ebc80000,0x00000000ec102400,0x00000000ec180000)
  to   space 5120K, 0% used [0x00000000ec200000,0x00000000ec200000,0x00000000ec700000)
 ParOldGen       total 120832K, used 90631K [0x00000000c0000000, 0x00000000c7600000, 0x00000000eab00000)
  object space 120832K, 75% used [0x00000000c0000000,0x00000000c5881f90,0x00000000c7600000)
 Metaspace       used 55819K, capacity 58576K, committed 58664K, reserved 1101824K
  class space    used 5594K, capacity 6641K, committed 6704K, reserved 1048576K
}
Event: 46.894 GC heap before
{Heap before GC invocations=38 (full 4):
 PSYoungGen      total 23040K, used 22537K [0x00000000eab00000, 0x00000000ec700000, 0x0000000100000000)
  eden space 17920K, 100% used [0x00000000eab00000,0x00000000ebc80000,0x00000000ebc80000)
  from space 5120K, 90% used [0x00000000ebc80000,0x00000000ec102400,0x00000000ec180000)
  to   space 5120K, 0% used [0x00000000ec200000,0x00000000ec200000,0x00000000ec700000)
 ParOldGen       total 120832K, used 90631K [0x00000000c0000000, 0x00000000c7600000, 0x00000000eab00000)
  object space 120832K, 75% used [0x00000000c0000000,0x00000000c5881f90,0x00000000c7600000)
 Metaspace       used 56371K, capacity 59227K, committed 59432K, reserved 1101824K
  class space    used 5645K, capacity 6669K, committed 6704K, reserved 1048576K
}
Event: 46.938 GC heap after
{Heap after GC invocations=38 (full 4):
 PSYoungGen      total 22528K, used 5113K [0x00000000eab00000, 0x00000000ec900000, 0x0000000100000000)
  eden space 17408K, 0% used [0x00000000eab00000,0x00000000eab00000,0x00000000ebc00000)
  from space 5120K, 99% used [0x00000000ec200000,0x00000000ec6fe410,0x00000000ec700000)
  to   space 6144K, 0% used [0x00000000ebc00000,0x00000000ebc00000,0x00000000ec200000)
 ParOldGen       total 120832K, used 91263K [0x00000000c0000000, 0x00000000c7600000, 0x00000000eab00000)
  object space 120832K, 75% used [0x00000000c0000000,0x00000000c591ff90,0x00000000c7600000)
 Metaspace       used 56371K, capacity 59227K, committed 59432K, reserved 1101824K
  class space    used 5645K, capacity 6669K, committed 6704K, reserved 1048576K
}
Event: 50.270 GC heap before
{Heap before GC invocations=39 (full 4):
 PSYoungGen      total 22528K, used 19663K [0x00000000eab00000, 0x00000000ec900000, 0x0000000100000000)
  eden space 17408K, 83% used [0x00000000eab00000,0x00000000eb935ba0,0x00000000ebc00000)
  from space 5120K, 99% used [0x00000000ec200000,0x00000000ec6fe410,0x00000000ec700000)
  to   space 6144K, 0% used [0x00000000ebc00000,0x00000000ebc00000,0x00000000ec200000)
 ParOldGen       total 120832K, used 91263K [0x00000000c0000000, 0x00000000c7600000, 0x00000000eab00000)
  object space 120832K, 75% used [0x00000000c0000000,0x00000000c591ff90,0x00000000c7600000)
 Metaspace       used 57126K, capacity 59961K, committed 60072K, reserved 1101824K
  class space    used 5707K, capacity 6743K, committed 6832K, reserved 1048576K
}
Event: 50.330 GC heap after
{Heap after GC invocations=39 (full 4):
 PSYoungGen      total 22016K, used 4433K [0x00000000eab00000, 0x00000000ec680000, 0x0000000100000000)
  eden space 17408K, 0% used [0x00000000eab00000,0x00000000eab00000,0x00000000ebc00000)
  from space 4608K, 96% used [0x00000000ebc00000,0x00000000ec054768,0x00000000ec080000)
  to   space 5120K, 0% used [0x00000000ec180000,0x00000000ec180000,0x00000000ec680000)
 ParOldGen       total 120832K, used 93085K [0x00000000c0000000, 0x00000000c7600000, 0x00000000eab00000)
  object space 120832K, 77% used [0x00000000c0000000,0x00000000c5ae74a8,0x00000000c7600000)
 Metaspace       used 57126K, capacity 59961K, committed 60072K, reserved 1101824K
  class space    used 5707K, capacity 6743K, committed 6832K, reserved 1048576K
}
Event: 50.367 GC heap before
{Heap before GC invocations=40 (full 4):
 PSYoungGen      total 22016K, used 20136K [0x00000000eab00000, 0x00000000ec680000, 0x0000000100000000)
  eden space 17408K, 90% used [0x00000000eab00000,0x00000000eba559d8,0x00000000ebc00000)
  from space 4608K, 96% used [0x00000000ebc00000,0x00000000ec054768,0x00000000ec080000)
  to   space 5120K, 0% used [0x00000000ec180000,0x00000000ec180000,0x00000000ec680000)
 ParOldGen       total 120832K, used 116125K [0x00000000c0000000, 0x00000000c7600000, 0x00000000eab00000)
  object space 120832K, 96% used [0x00000000c0000000,0x00000000c71674c8,0x00000000c7600000)
 Metaspace       used 57136K, capacity 59961K, committed 60072K, reserved 1101824K
  class space    used 5708K, capacity 6743K, committed 6832K, reserved 1048576K
}
Event: 50.447 GC heap after
{Heap after GC invocations=40 (full 4):
 PSYoungGen      total 23552K, used 4415K [0x00000000eab00000, 0x00000000ec780000, 0x0000000100000000)
  eden space 18432K, 0% used [0x00000000eab00000,0x00000000eab00000,0x00000000ebd00000)
  from space 5120K, 86% used [0x00000000ec180000,0x00000000ec5cfc08,0x00000000ec680000)
  to   space 4608K, 0% used [0x00000000ebd00000,0x00000000ebd00000,0x00000000ec180000)
 ParOldGen       total 129024K, used 123805K [0x00000000c0000000, 0x00000000c7e00000, 0x00000000eab00000)
  object space 129024K, 95% used [0x00000000c0000000,0x00000000c78e74d8,0x00000000c7e00000)
 Metaspace       used 57136K, capacity 59961K, committed 60072K, reserved 1101824K
  class space    used 5708K, capacity 6743K, committed 6832K, reserved 1048576K
}
Event: 50.447 GC heap before
{Heap before GC invocations=41 (full 5):
 PSYoungGen      total 23552K, used 4415K [0x00000000eab00000, 0x00000000ec780000, 0x0000000100000000)
  eden space 18432K, 0% used [0x00000000eab00000,0x00000000eab00000,0x00000000ebd00000)
  from space 5120K, 86% used [0x00000000ec180000,0x00000000ec5cfc08,0x00000000ec680000)
  to   space 4608K, 0% used [0x00000000ebd00000,0x00000000ebd00000,0x00000000ec180000)
 ParOldGen       total 129024K, used 123805K [0x00000000c0000000, 0x00000000c7e00000, 0x00000000eab00000)
  object space 129024K, 95% used [0x00000000c0000000,0x00000000c78e74d8,0x00000000c7e00000)
 Metaspace       used 57136K, capacity 59961K, committed 60072K, reserved 1101824K
  class space    used 5708K, capacity 6743K, committed 6832K, reserved 1048576K
}
Event: 51.735 GC heap after
{Heap after GC invocations=41 (full 5):
 PSYoungGen      total 23040K, used 0K [0x00000000eab00000, 0x00000000ec880000, 0x0000000100000000)
  eden space 18432K, 0% used [0x00000000eab00000,0x00000000eab00000,0x00000000ebd00000)
  from space 4608K, 0% used [0x00000000ebd00000,0x00000000ebd00000,0x00000000ec180000)
  to   space 4608K, 0% used [0x00000000ec400000,0x00000000ec400000,0x00000000ec880000)
 ParOldGen       total 178176K, used 112731K [0x00000000c0000000, 0x00000000cae00000, 0x00000000eab00000)
  object space 178176K, 63% used [0x00000000c0000000,0x00000000c6e16fc0,0x00000000cae00000)
 Metaspace       used 57136K, capacity 59961K, committed 60072K, reserved 1101824K
  class space    used 5708K, capacity 6743K, committed 6832K, reserved 1048576K
}
Event: 53.150 GC heap before
{Heap before GC invocations=42 (full 5):
 PSYoungGen      total 23040K, used 18432K [0x00000000eab00000, 0x00000000ec880000, 0x0000000100000000)
  eden space 18432K, 100% used [0x00000000eab00000,0x00000000ebd00000,0x00000000ebd00000)
  from space 4608K, 0% used [0x00000000ebd00000,0x00000000ebd00000,0x00000000ec180000)
  to   space 4608K, 0% used [0x00000000ec400000,0x00000000ec400000,0x00000000ec880000)
 ParOldGen       total 178176K, used 112731K [0x00000000c0000000, 0x00000000cae00000, 0x00000000eab00000)
  object space 178176K, 63% used [0x00000000c0000000,0x00000000c6e16fc0,0x00000000cae00000)
 Metaspace       used 58473K, capacity 61501K, committed 61736K, reserved 1103872K
  class space    used 5832K, capacity 6915K, committed 6960K, reserved 1048576K
}
Event: 53.215 GC heap after
{Heap after GC invocations=42 (full 5):
 PSYoungGen      total 23552K, used 2104K [0x00000000eab00000, 0x00000000ec680000, 0x0000000100000000)
  eden space 20992K, 0% used [0x00000000eab00000,0x00000000eab00000,0x00000000ebf80000)
  from space 2560K, 82% used [0x00000000ec400000,0x00000000ec60e3b8,0x00000000ec680000)
  to   space 3072K, 0% used [0x00000000ec080000,0x00000000ec080000,0x00000000ec380000)
 ParOldGen       total 178176K, used 112739K [0x00000000c0000000, 0x00000000cae00000, 0x00000000eab00000)
  object space 178176K, 63% used [0x00000000c0000000,0x00000000c6e18fc0,0x00000000cae00000)
 Metaspace       used 58473K, capacity 61501K, committed 61736K, reserved 1103872K
  class space    used 5832K, capacity 6915K, committed 6960K, reserved 1048576K
}
Event: 60.847 GC heap before
{Heap before GC invocations=43 (full 5):
 PSYoungGen      total 23552K, used 23096K [0x00000000eab00000, 0x00000000ec680000, 0x0000000100000000)
  eden space 20992K, 100% used [0x00000000eab00000,0x00000000ebf80000,0x00000000ebf80000)
  from space 2560K, 82% used [0x00000000ec400000,0x00000000ec60e3b8,0x00000000ec680000)
  to   space 3072K, 0% used [0x00000000ec080000,0x00000000ec080000,0x00000000ec380000)
 ParOldGen       total 178176K, used 112739K [0x00000000c0000000, 0x00000000cae00000, 0x00000000eab00000)
  object space 178176K, 63% used [0x00000000c0000000,0x00000000c6e18fc0,0x00000000cae00000)
 Metaspace       used 59784K, capacity 62873K, committed 63144K, reserved 1105920K
  class space    used 5955K, capacity 7063K, committed 7088K, reserved 1048576K
}
Event: 60.860 GC heap after
{Heap after GC invocations=43 (full 5):
 PSYoungGen      total 25088K, used 3049K [0x00000000eab00000, 0x00000000ed400000, 0x0000000100000000)
  eden space 22016K, 0% used [0x00000000eab00000,0x00000000eab00000,0x00000000ec080000)
  from space 3072K, 99% used [0x00000000ec080000,0x00000000ec37a570,0x00000000ec380000)
  to   space 9216K, 0% used [0x00000000ecb00000,0x00000000ecb00000,0x00000000ed400000)
 ParOldGen       total 178176K, used 117531K [0x00000000c0000000, 0x00000000cae00000, 0x00000000eab00000)
  object space 178176K, 65% used [0x00000000c0000000,0x00000000c72c6fe8,0x00000000cae00000)
 Metaspace       used 59784K, capacity 62873K, committed 63144K, reserved 1105920K
  class space    used 5955K, capacity 7063K, committed 7088K, reserved 1048576K
}
Event: 64.228 GC heap before
{Heap before GC invocations=44 (full 5):
 PSYoungGen      total 25088K, used 25065K [0x00000000eab00000, 0x00000000ed400000, 0x0000000100000000)
  eden space 22016K, 100% used [0x00000000eab00000,0x00000000ec080000,0x00000000ec080000)
  from space 3072K, 99% used [0x00000000ec080000,0x00000000ec37a570,0x00000000ec380000)
  to   space 9216K, 0% used [0x00000000ecb00000,0x00000000ecb00000,0x00000000ed400000)
 ParOldGen       total 178176K, used 117531K [0x00000000c0000000, 0x00000000cae00000, 0x00000000eab00000)
  object space 178176K, 65% used [0x00000000c0000000,0x00000000c72c6fe8,0x00000000cae00000)
 Metaspace       used 59798K, capacity 62969K, committed 63272K, reserved 1105920K
  class space    used 5957K, capacity 7095K, committed 7216K, reserved 1048576K
}
Event: 64.241 GC heap after
{Heap after GC invocations=44 (full 5):
 PSYoungGen      total 31232K, used 6816K [0x00000000eab00000, 0x00000000ed200000, 0x0000000100000000)
  eden space 24064K, 0% used [0x00000000eab00000,0x00000000eab00000,0x00000000ec280000)
  from space 7168K, 95% used [0x00000000ecb00000,0x00000000ed1a80b0,0x00000000ed200000)
  to   space 7168K, 0% used [0x00000000ec400000,0x00000000ec400000,0x00000000ecb00000)
 ParOldGen       total 178176K, used 117539K [0x00000000c0000000, 0x00000000cae00000, 0x00000000eab00000)
  object space 178176K, 65% used [0x00000000c0000000,0x00000000c72c8fe8,0x00000000cae00000)
 Metaspace       used 59798K, capacity 62969K, committed 63272K, reserved 1105920K
  class space    used 5957K, capacity 7095K, committed 7216K, reserved 1048576K
}
Event: 66.460 GC heap before
{Heap before GC invocations=45 (full 5):
 PSYoungGen      total 31232K, used 30880K [0x00000000eab00000, 0x00000000ed200000, 0x0000000100000000)
  eden space 24064K, 100% used [0x00000000eab00000,0x00000000ec280000,0x00000000ec280000)
  from space 7168K, 95% used [0x00000000ecb00000,0x00000000ed1a80b0,0x00000000ed200000)
  to   space 7168K, 0% used [0x00000000ec400000,0x00000000ec400000,0x00000000ecb00000)
 ParOldGen       total 178176K, used 117539K [0x00000000c0000000, 0x00000000cae00000, 0x00000000eab00000)
  object space 178176K, 65% used [0x00000000c0000000,0x00000000c72c8fe8,0x00000000cae00000)
 Metaspace       used 59857K, capacity 63033K, committed 63272K, reserved 1105920K
  class space    used 5960K, capacity 7095K, committed 7216K, reserved 1048576K
}
Event: 66.474 GC heap after
{Heap after GC invocations=45 (full 5):
 PSYoungGen      total 31232K, used 5624K [0x00000000eab00000, 0x00000000ed080000, 0x0000000100000000)
  eden space 25600K, 0% used [0x00000000eab00000,0x00000000eab00000,0x00000000ec400000)
  from space 5632K, 99% used [0x00000000ec400000,0x00000000ec97e1f8,0x00000000ec980000)
  to   space 6144K, 0% used [0x00000000eca80000,0x00000000eca80000,0x00000000ed080000)
 ParOldGen       total 178176K, used 117539K [0x00000000c0000000, 0x00000000cae00000, 0x00000000eab00000)
  object space 178176K, 65% used [0x00000000c0000000,0x00000000c72c8fe8,0x00000000cae00000)
 Metaspace       used 59857K, capacity 63033K, committed 63272K, reserved 1105920K
  class space    used 5960K, capacity 7095K, committed 7216K, reserved 1048576K
}

