# JRE version: OpenJDK Runtime Environment Corretto-11.0.12.7.1 (11.0.12+7) (build 11.0.12+7-LTS)
# Java VM: OpenJDK 64-Bit Server VM Corretto-11.0.12.7.1 (11.0.12+7-LTS, mixed mode, tiered, compressed oops, parallel gc, windows-amd64)
Heap:
 PSYoungGen      total 20992K, used 12485K [0x00000000eab00000, 0x00000000ec600000, 0x0000000100000000)
  eden space 14848K, 42% used [0x00000000eab00000,0x00000000eb1342c0,0x00000000eb980000)
  from space 6144K, 99% used [0x00000000eb980000,0x00000000ebf7d528,0x00000000ebf80000)
  to   space 5632K, 0% used [0x00000000ebf80000,0x00000000ebf80000,0x00000000ec500000)
 ParOldGen       total 115200K, used 93751K [0x00000000c0000000, 0x00000000c7080000, 0x00000000eab00000)
  object space 115200K, 81% used [0x00000000c0000000,0x00000000c5b8de60,0x00000000c7080000)
 Metaspace       used 59047K, capacity 62202K, committed 62424K, reserved 1103872K
  class space    used 5890K, capacity 7081K, committed 7168K, reserved 1048576K
GC Heap History (20 events):
Event: 26.348 GC heap before
{Heap before GC invocations=28 (full 3):
 PSYoungGen      total 23040K, used 20704K [0x00000000eab00000, 0x00000000ec600000, 0x0000000100000000)
  eden space 18944K, 100% used [0x00000000eab00000,0x00000000ebd80000,0x00000000ebd80000)
  from space 4096K, 42% used [0x00000000ebf00000,0x00000000ec0b8010,0x00000000ec300000)
  to   space 2048K, 0% used [0x00000000ec400000,0x00000000ec400000,0x00000000ec600000)
 ParOldGen       total 93696K, used 86430K [0x00000000c0000000, 0x00000000c5b80000, 0x00000000eab00000)
  object space 93696K, 92% used [0x00000000c0000000,0x00000000c5467b70,0x00000000c5b80000)
 Metaspace       used 51032K, capacity 53627K, committed 53848K, reserved 1097728K
  class space    used 5170K, capacity 6195K, committed 6272K, reserved 1048576K
}
Event: 26.365 GC heap after
{Heap after GC invocations=28 (full 3):
 PSYoungGen      total 20992K, used 2039K [0x00000000eab00000, 0x00000000ec600000, 0x0000000100000000)
  eden space 18944K, 0% used [0x00000000eab00000,0x00000000eab00000,0x00000000ebd80000)
  from space 2048K, 99% used [0x00000000ec400000,0x00000000ec5fde60,0x00000000ec600000)
  to   space 2560K, 0% used [0x00000000ec100000,0x00000000ec100000,0x00000000ec380000)
 ParOldGen       total 93696K, used 88164K [0x00000000c0000000, 0x00000000c5b80000, 0x00000000eab00000)
  object space 93696K, 94% used [0x00000000c0000000,0x00000000c5619308,0x00000000c5b80000)
 Metaspace       used 51032K, capacity 53627K, committed 53848K, reserved 1097728K
  class space    used 5170K, capacity 6195K, committed 6272K, reserved 1048576K
}
Event: 41.056 GC heap before
{Heap before GC invocations=29 (full 3):
 PSYoungGen      total 20992K, used 20983K [0x00000000eab00000, 0x00000000ec600000, 0x0000000100000000)
  eden space 18944K, 100% used [0x00000000eab00000,0x00000000ebd80000,0x00000000ebd80000)
  from space 2048K, 99% used [0x00000000ec400000,0x00000000ec5fde60,0x00000000ec600000)
  to   space 2560K, 0% used [0x00000000ec100000,0x00000000ec100000,0x00000000ec380000)
 ParOldGen       total 93696K, used 88164K [0x00000000c0000000, 0x00000000c5b80000, 0x00000000eab00000)
  object space 93696K, 94% used [0x00000000c0000000,0x00000000c5619308,0x00000000c5b80000)
 Metaspace       used 55251K, capacity 58166K, committed 58456K, reserved 1101824K
  class space    used 5557K, capacity 6703K, committed 6784K, reserved 1048576K
}
Event: 41.067 GC heap after
{Heap after GC invocations=29 (full 3):
 PSYoungGen      total 20480K, used 1436K [0x00000000eab00000, 0x00000000ec480000, 0x0000000100000000)
  eden space 18944K, 0% used [0x00000000eab00000,0x00000000eab00000,0x00000000ebd80000)
  from space 1536K, 93% used [0x00000000ec100000,0x00000000ec2670a8,0x00000000ec280000)
  to   space 2048K, 0% used [0x00000000ec280000,0x00000000ec280000,0x00000000ec480000)
 ParOldGen       total 93696K, used 89972K [0x00000000c0000000, 0x00000000c5b80000, 0x00000000eab00000)
  object space 93696K, 96% used [0x00000000c0000000,0x00000000c57dd308,0x00000000c5b80000)
 Metaspace       used 55251K, capacity 58166K, committed 58456K, reserved 1101824K
  class space    used 5557K, capacity 6703K, committed 6784K, reserved 1048576K
}
Event: 85.874 GC heap before
{Heap before GC invocations=30 (full 3):
 PSYoungGen      total 20480K, used 20380K [0x00000000eab00000, 0x00000000ec480000, 0x0000000100000000)
  eden space 18944K, 99% used [0x00000000eab00000,0x00000000ebd7fff0,0x00000000ebd80000)
  from space 1536K, 93% used [0x00000000ec100000,0x00000000ec2670a8,0x00000000ec280000)
  to   space 2048K, 0% used [0x00000000ec280000,0x00000000ec280000,0x00000000ec480000)
 ParOldGen       total 93696K, used 89972K [0x00000000c0000000, 0x00000000c5b80000, 0x00000000eab00000)
  object space 93696K, 96% used [0x00000000c0000000,0x00000000c57dd308,0x00000000c5b80000)
 Metaspace       used 56062K, capacity 58867K, committed 58968K, reserved 1101824K
  class space    used 5626K, capacity 6742K, committed 6784K, reserved 1048576K
}
Event: 85.900 GC heap after
{Heap after GC invocations=30 (full 3):
 PSYoungGen      total 17408K, used 2024K [0x00000000eab00000, 0x00000000ece80000, 0x0000000100000000)
  eden space 15360K, 0% used [0x00000000eab00000,0x00000000eab00000,0x00000000eba00000)
  from space 2048K, 98% used [0x00000000ec280000,0x00000000ec47a238,0x00000000ec480000)
  to   space 8704K, 0% used [0x00000000eba00000,0x00000000eba00000,0x00000000ec280000)
 ParOldGen       total 96256K, used 95237K [0x00000000c0000000, 0x00000000c5e00000, 0x00000000eab00000)
  object space 96256K, 98% used [0x00000000c0000000,0x00000000c5d01688,0x00000000c5e00000)
 Metaspace       used 56062K, capacity 58867K, committed 58968K, reserved 1101824K
  class space    used 5626K, capacity 6742K, committed 6784K, reserved 1048576K
}
Event: 85.900 GC heap before
{Heap before GC invocations=31 (full 4):
 PSYoungGen      total 17408K, used 2024K [0x00000000eab00000, 0x00000000ece80000, 0x0000000100000000)
  eden space 15360K, 0% used [0x00000000eab00000,0x00000000eab00000,0x00000000eba00000)
  from space 2048K, 98% used [0x00000000ec280000,0x00000000ec47a238,0x00000000ec480000)
  to   space 8704K, 0% used [0x00000000eba00000,0x00000000eba00000,0x00000000ec280000)
 ParOldGen       total 96256K, used 95237K [0x00000000c0000000, 0x00000000c5e00000, 0x00000000eab00000)
  object space 96256K, 98% used [0x00000000c0000000,0x00000000c5d01688,0x00000000c5e00000)
 Metaspace       used 56062K, capacity 58867K, committed 58968K, reserved 1101824K
  class space    used 5626K, capacity 6742K, committed 6784K, reserved 1048576K
}
Event: 86.328 GC heap after
{Heap after GC invocations=31 (full 4):
 PSYoungGen      total 24064K, used 0K [0x00000000eab00000, 0x00000000ecb00000, 0x0000000100000000)
  eden space 15360K, 0% used [0x00000000eab00000,0x00000000eab00000,0x00000000eba00000)
  from space 8704K, 0% used [0x00000000eba00000,0x00000000eba00000,0x00000000ec280000)
  to   space 8704K, 0% used [0x00000000ec280000,0x00000000ec280000,0x00000000ecb00000)
 ParOldGen       total 115200K, used 84468K [0x00000000c0000000, 0x00000000c7080000, 0x00000000eab00000)
  object space 115200K, 73% used [0x00000000c0000000,0x00000000c527d1b0,0x00000000c7080000)
 Metaspace       used 56060K, capacity 58864K, committed 58968K, reserved 1101824K
  class space    used 5626K, capacity 6741K, committed 6784K, reserved 1048576K
}
Event: 109.653 GC heap before
{Heap before GC invocations=32 (full 4):
 PSYoungGen      total 24064K, used 15360K [0x00000000eab00000, 0x00000000ecb00000, 0x0000000100000000)
  eden space 15360K, 100% used [0x00000000eab00000,0x00000000eba00000,0x00000000eba00000)
  from space 8704K, 0% used [0x00000000eba00000,0x00000000eba00000,0x00000000ec280000)
  to   space 8704K, 0% used [0x00000000ec280000,0x00000000ec280000,0x00000000ecb00000)
 ParOldGen       total 115200K, used 84468K [0x00000000c0000000, 0x00000000c7080000, 0x00000000eab00000)
  object space 115200K, 73% used [0x00000000c0000000,0x00000000c527d1b0,0x00000000c7080000)
 Metaspace       used 58323K, capacity 61465K, committed 61528K, reserved 1103872K
  class space    used 5846K, capacity 7010K, committed 7040K, reserved 1048576K
}
Event: 109.656 GC heap after
{Heap after GC invocations=32 (full 4):
 PSYoungGen      total 16896K, used 1403K [0x00000000eab00000, 0x00000000ec400000, 0x0000000100000000)
  eden space 15360K, 0% used [0x00000000eab00000,0x00000000eab00000,0x00000000eba00000)
  from space 1536K, 91% used [0x00000000ec280000,0x00000000ec3defa8,0x00000000ec400000)
  to   space 3584K, 0% used [0x00000000ebd00000,0x00000000ebd00000,0x00000000ec080000)
 ParOldGen       total 115200K, used 84476K [0x00000000c0000000, 0x00000000c7080000, 0x00000000eab00000)
  object space 115200K, 73% used [0x00000000c0000000,0x00000000c527f1b0,0x00000000c7080000)
 Metaspace       used 58323K, capacity 61465K, committed 61528K, reserved 1103872K
  class space    used 5846K, capacity 7010K, committed 7040K, reserved 1048576K
}
Event: 237.362 GC heap before
{Heap before GC invocations=33 (full 4):
 PSYoungGen      total 16896K, used 16763K [0x00000000eab00000, 0x00000000ec400000, 0x0000000100000000)
  eden space 15360K, 100% used [0x00000000eab00000,0x00000000eba00000,0x00000000eba00000)
  from space 1536K, 91% used [0x00000000ec280000,0x00000000ec3defa8,0x00000000ec400000)
  to   space 3584K, 0% used [0x00000000ebd00000,0x00000000ebd00000,0x00000000ec080000)
 ParOldGen       total 115200K, used 84476K [0x00000000c0000000, 0x00000000c7080000, 0x00000000eab00000)
  object space 115200K, 73% used [0x00000000c0000000,0x00000000c527f1b0,0x00000000c7080000)
 Metaspace       used 58728K, capacity 61942K, committed 62168K, reserved 1103872K
  class space    used 5871K, capacity 7081K, committed 7168K, reserved 1048576K
}
Event: 237.372 GC heap after
{Heap after GC invocations=33 (full 4):
 PSYoungGen      total 18944K, used 3567K [0x00000000eab00000, 0x00000000ec800000, 0x0000000100000000)
  eden space 15360K, 0% used [0x00000000eab00000,0x00000000eab00000,0x00000000eba00000)
  from space 3584K, 99% used [0x00000000ebd00000,0x00000000ec07bdf0,0x00000000ec080000)
  to   space 7168K, 0% used [0x00000000ec100000,0x00000000ec100000,0x00000000ec800000)
 ParOldGen       total 115200K, used 86843K [0x00000000c0000000, 0x00000000c7080000, 0x00000000eab00000)
  object space 115200K, 75% used [0x00000000c0000000,0x00000000c54ced60,0x00000000c7080000)
 Metaspace       used 58728K, capacity 61942K, committed 62168K, reserved 1103872K
  class space    used 5871K, capacity 7081K, committed 7168K, reserved 1048576K
}
Event: 239.950 GC heap before
{Heap before GC invocations=34 (full 4):
 PSYoungGen      total 18944K, used 18927K [0x00000000eab00000, 0x00000000ec800000, 0x0000000100000000)
  eden space 15360K, 99% used [0x00000000eab00000,0x00000000eb9ffea8,0x00000000eba00000)
  from space 3584K, 99% used [0x00000000ebd00000,0x00000000ec07bdf0,0x00000000ec080000)
  to   space 7168K, 0% used [0x00000000ec100000,0x00000000ec100000,0x00000000ec800000)
 ParOldGen       total 115200K, used 86843K [0x00000000c0000000, 0x00000000c7080000, 0x00000000eab00000)
  object space 115200K, 75% used [0x00000000c0000000,0x00000000c54ced60,0x00000000c7080000)
 Metaspace       used 58797K, capacity 62006K, committed 62168K, reserved 1103872K
  class space    used 5886K, capacity 7081K, committed 7168K, reserved 1048576K
}
Event: 239.956 GC heap after
{Heap after GC invocations=34 (full 4):
 PSYoungGen      total 16384K, used 768K [0x00000000eab00000, 0x00000000ec200000, 0x0000000100000000)
  eden space 15360K, 0% used [0x00000000eab00000,0x00000000eab00000,0x00000000eba00000)
  from space 1024K, 75% used [0x00000000ec100000,0x00000000ec1c0010,0x00000000ec200000)
  to   space 3072K, 0% used [0x00000000ebc00000,0x00000000ebc00000,0x00000000ebf00000)
 ParOldGen       total 115200K, used 88768K [0x00000000c0000000, 0x00000000c7080000, 0x00000000eab00000)
  object space 115200K, 77% used [0x00000000c0000000,0x00000000c56b0288,0x00000000c7080000)
 Metaspace       used 58797K, capacity 62006K, committed 62168K, reserved 1103872K
  class space    used 5886K, capacity 7081K, committed 7168K, reserved 1048576K
}
Event: 241.214 GC heap before
{Heap before GC invocations=35 (full 4):
 PSYoungGen      total 16384K, used 16128K [0x00000000eab00000, 0x00000000ec200000, 0x0000000100000000)
  eden space 15360K, 100% used [0x00000000eab00000,0x00000000eba00000,0x00000000eba00000)
  from space 1024K, 75% used [0x00000000ec100000,0x00000000ec1c0010,0x00000000ec200000)
  to   space 3072K, 0% used [0x00000000ebc00000,0x00000000ebc00000,0x00000000ebf00000)
 ParOldGen       total 115200K, used 88768K [0x00000000c0000000, 0x00000000c7080000, 0x00000000eab00000)
  object space 115200K, 77% used [0x00000000c0000000,0x00000000c56b0288,0x00000000c7080000)
 Metaspace       used 58929K, capacity 62073K, committed 62168K, reserved 1103872K
  class space    used 5890K, capacity 7081K, committed 7168K, reserved 1048576K
}
Event: 241.222 GC heap after
{Heap after GC invocations=35 (full 4):
 PSYoungGen      total 18432K, used 3048K [0x00000000eab00000, 0x00000000ec500000, 0x0000000100000000)
  eden space 15360K, 0% used [0x00000000eab00000,0x00000000eab00000,0x00000000eba00000)
  from space 3072K, 99% used [0x00000000ebc00000,0x00000000ebefa0a0,0x00000000ebf00000)
  to   space 5632K, 0% used [0x00000000ebf80000,0x00000000ebf80000,0x00000000ec500000)
 ParOldGen       total 115200K, used 90168K [0x00000000c0000000, 0x00000000c7080000, 0x00000000eab00000)
  object space 115200K, 78% used [0x00000000c0000000,0x00000000c580e288,0x00000000c7080000)
 Metaspace       used 58929K, capacity 62073K, committed 62168K, reserved 1103872K
  class space    used 5890K, capacity 7081K, committed 7168K, reserved 1048576K
}
Event: 244.264 GC heap before
{Heap before GC invocations=36 (full 4):
 PSYoungGen      total 18432K, used 18408K [0x00000000eab00000, 0x00000000ec500000, 0x0000000100000000)
  eden space 15360K, 100% used [0x00000000eab00000,0x00000000eba00000,0x00000000eba00000)
  from space 3072K, 99% used [0x00000000ebc00000,0x00000000ebefa0a0,0x00000000ebf00000)
  to   space 5632K, 0% used [0x00000000ebf80000,0x00000000ebf80000,0x00000000ec500000)
 ParOldGen       total 115200K, used 90168K [0x00000000c0000000, 0x00000000c7080000, 0x00000000eab00000)
  object space 115200K, 78% used [0x00000000c0000000,0x00000000c580e288,0x00000000c7080000)
 Metaspace       used 59003K, capacity 62202K, committed 62424K, reserved 1103872K
  class space    used 5890K, capacity 7081K, committed 7168K, reserved 1048576K
}
Event: 244.295 GC heap after
{Heap after GC invocations=36 (full 4):
 PSYoungGen      total 20480K, used 5459K [0x00000000eab00000, 0x00000000ec600000, 0x0000000100000000)
  eden space 14848K, 0% used [0x00000000eab00000,0x00000000eab00000,0x00000000eb980000)
  from space 5632K, 96% used [0x00000000ebf80000,0x00000000ec4d4e48,0x00000000ec500000)
  to   space 6144K, 0% used [0x00000000eb980000,0x00000000eb980000,0x00000000ebf80000)
 ParOldGen       total 115200K, used 90920K [0x00000000c0000000, 0x00000000c7080000, 0x00000000eab00000)
  object space 115200K, 78% used [0x00000000c0000000,0x00000000c58ca298,0x00000000c7080000)
 Metaspace       used 59003K, capacity 62202K, committed 62424K, reserved 1103872K
  class space    used 5890K, capacity 7081K, committed 7168K, reserved 1048576K
}
Event: 244.778 GC heap before
{Heap before GC invocations=37 (full 4):
 PSYoungGen      total 20480K, used 20307K [0x00000000eab00000, 0x00000000ec600000, 0x0000000100000000)
  eden space 14848K, 100% used [0x00000000eab00000,0x00000000eb980000,0x00000000eb980000)
  from space 5632K, 96% used [0x00000000ebf80000,0x00000000ec4d4e48,0x00000000ec500000)
  to   space 6144K, 0% used [0x00000000eb980000,0x00000000eb980000,0x00000000ebf80000)
 ParOldGen       total 115200K, used 90920K [0x00000000c0000000, 0x00000000c7080000, 0x00000000eab00000)
  object space 115200K, 78% used [0x00000000c0000000,0x00000000c58ca298,0x00000000c7080000)
 Metaspace       used 59041K, capacity 62202K, committed 62424K, reserved 1103872K
  class space    used 5890K, capacity 7081K, committed 7168K, reserved 1048576K
}
Event: 244.788 GC heap after
{Heap after GC invocations=37 (full 4):
 PSYoungGen      total 20992K, used 6133K [0x00000000eab00000, 0x00000000ec600000, 0x0000000100000000)
  eden space 14848K, 0% used [0x00000000eab00000,0x00000000eab00000,0x00000000eb980000)
  from space 6144K, 99% used [0x00000000eb980000,0x00000000ebf7d528,0x00000000ebf80000)
  to   space 5632K, 0% used [0x00000000ebf80000,0x00000000ebf80000,0x00000000ec500000)
 ParOldGen       total 115200K, used 93751K [0x00000000c0000000, 0x00000000c7080000, 0x00000000eab00000)
  object space 115200K, 81% used [0x00000000c0000000,0x00000000c5b8de60,0x00000000c7080000)
 Metaspace       used 59041K, capacity 62202K, committed 62424K, reserved 1103872K
  class space    used 5890K, capacity 7081K, committed 7168K, reserved 1048576K
}

