# JRE version: OpenJDK Runtime Environment Corretto-11.0.12.7.1 (11.0.12+7) (build 11.0.12+7-LTS)
# Java VM: OpenJDK 64-Bit Server VM Corretto-11.0.12.7.1 (11.0.12+7-LTS, mixed mode, tiered, compressed oops, parallel gc, windows-amd64)
Heap:
 PSYoungGen      total 12288K, used 4500K [0x00000000eab00000, 0x00000000eba80000, 0x0000000100000000)
  eden space 8704K, 15% used [0x00000000eab00000,0x00000000eac4dc40,0x00000000eb380000)
  from space 3584K, 88% used [0x00000000eb380000,0x00000000eb697620,0x00000000eb700000)
  to   space 3584K, 0% used [0x00000000eb700000,0x00000000eb700000,0x00000000eba80000)
 ParOldGen       total 148480K, used 144267K [0x00000000c0000000, 0x00000000c9100000, 0x00000000eab00000)
  object space 148480K, 97% used [0x00000000c0000000,0x00000000c8ce2e70,0x00000000c9100000)
 Metaspace       used 61704K, capacity 64866K, committed 65112K, reserved 1107968K
  class space    used 5968K, capacity 7178K, committed 7296K, reserved 1048576K
GC Heap History (20 events):
Event: 79.890 GC heap before
{Heap before GC invocations=56 (full 5):
 PSYoungGen      total 11264K, used 11263K [0x00000000eab00000, 0x00000000eba00000, 0x0000000100000000)
  eden space 9216K, 100% used [0x00000000eab00000,0x00000000eb400000,0x00000000eb400000)
  from space 2048K, 99% used [0x00000000eb580000,0x00000000eb77fd60,0x00000000eb780000)
  to   space 2560K, 0% used [0x00000000eb780000,0x00000000eb780000,0x00000000eba00000)
 ParOldGen       total 148480K, used 135445K [0x00000000c0000000, 0x00000000c9100000, 0x00000000eab00000)
  object space 148480K, 91% used [0x00000000c0000000,0x00000000c8445440,0x00000000c9100000)
 Metaspace       used 61210K, capacity 64351K, committed 64600K, reserved 1105920K
  class space    used 5962K, capacity 7178K, committed 7296K, reserved 1048576K
}
Event: 79.903 GC heap after
{Heap after GC invocations=56 (full 5):
 PSYoungGen      total 12288K, used 1609K [0x00000000eab00000, 0x00000000eb980000, 0x0000000100000000)
  eden space 10240K, 0% used [0x00000000eab00000,0x00000000eab00000,0x00000000eb500000)
  from space 2048K, 78% used [0x00000000eb780000,0x00000000eb912420,0x00000000eb980000)
  to   space 2048K, 0% used [0x00000000eb580000,0x00000000eb580000,0x00000000eb780000)
 ParOldGen       total 148480K, used 137488K [0x00000000c0000000, 0x00000000c9100000, 0x00000000eab00000)
  object space 148480K, 92% used [0x00000000c0000000,0x00000000c86443d0,0x00000000c9100000)
 Metaspace       used 61210K, capacity 64351K, committed 64600K, reserved 1105920K
  class space    used 5962K, capacity 7178K, committed 7296K, reserved 1048576K
}
Event: 80.267 GC heap before
{Heap before GC invocations=57 (full 5):
 PSYoungGen      total 12288K, used 11849K [0x00000000eab00000, 0x00000000eb980000, 0x0000000100000000)
  eden space 10240K, 100% used [0x00000000eab00000,0x00000000eb500000,0x00000000eb500000)
  from space 2048K, 78% used [0x00000000eb780000,0x00000000eb912420,0x00000000eb980000)
  to   space 2048K, 0% used [0x00000000eb580000,0x00000000eb580000,0x00000000eb780000)
 ParOldGen       total 148480K, used 137488K [0x00000000c0000000, 0x00000000c9100000, 0x00000000eab00000)
  object space 148480K, 92% used [0x00000000c0000000,0x00000000c86443d0,0x00000000c9100000)
 Metaspace       used 61303K, capacity 64415K, committed 64600K, reserved 1105920K
  class space    used 5962K, capacity 7178K, committed 7296K, reserved 1048576K
}
Event: 80.275 GC heap after
{Heap after GC invocations=57 (full 5):
 PSYoungGen      total 11776K, used 1220K [0x00000000eab00000, 0x00000000eb800000, 0x0000000100000000)
  eden space 10240K, 0% used [0x00000000eab00000,0x00000000eab00000,0x00000000eb500000)
  from space 1536K, 79% used [0x00000000eb580000,0x00000000eb6b1210,0x00000000eb700000)
  to   space 1024K, 0% used [0x00000000eb700000,0x00000000eb700000,0x00000000eb800000)
 ParOldGen       total 148480K, used 137496K [0x00000000c0000000, 0x00000000c9100000, 0x00000000eab00000)
  object space 148480K, 92% used [0x00000000c0000000,0x00000000c86463d0,0x00000000c9100000)
 Metaspace       used 61303K, capacity 64415K, committed 64600K, reserved 1105920K
  class space    used 5962K, capacity 7178K, committed 7296K, reserved 1048576K
}
Event: 80.542 GC heap before
{Heap before GC invocations=58 (full 5):
 PSYoungGen      total 11776K, used 11460K [0x00000000eab00000, 0x00000000eb800000, 0x0000000100000000)
  eden space 10240K, 100% used [0x00000000eab00000,0x00000000eb500000,0x00000000eb500000)
  from space 1536K, 79% used [0x00000000eb580000,0x00000000eb6b1210,0x00000000eb700000)
  to   space 1024K, 0% used [0x00000000eb700000,0x00000000eb700000,0x00000000eb800000)
 ParOldGen       total 148480K, used 137496K [0x00000000c0000000, 0x00000000c9100000, 0x00000000eab00000)
  object space 148480K, 92% used [0x00000000c0000000,0x00000000c86463d0,0x00000000c9100000)
 Metaspace       used 61352K, capacity 64543K, committed 64856K, reserved 1107968K
  class space    used 5962K, capacity 7178K, committed 7296K, reserved 1048576K
}
Event: 80.570 GC heap after
{Heap after GC invocations=58 (full 5):
 PSYoungGen      total 9728K, used 1024K [0x00000000eab00000, 0x00000000ebc00000, 0x0000000100000000)
  eden space 8704K, 0% used [0x00000000eab00000,0x00000000eab00000,0x00000000eb380000)
  from space 1024K, 100% used [0x00000000eb700000,0x00000000eb800000,0x00000000eb800000)
  to   space 3584K, 0% used [0x00000000eb380000,0x00000000eb380000,0x00000000eb700000)
 ParOldGen       total 148480K, used 139687K [0x00000000c0000000, 0x00000000c9100000, 0x00000000eab00000)
  object space 148480K, 94% used [0x00000000c0000000,0x00000000c8869d20,0x00000000c9100000)
 Metaspace       used 61352K, capacity 64543K, committed 64856K, reserved 1107968K
  class space    used 5962K, capacity 7178K, committed 7296K, reserved 1048576K
}
Event: 80.783 GC heap before
{Heap before GC invocations=59 (full 5):
 PSYoungGen      total 9728K, used 9728K [0x00000000eab00000, 0x00000000ebc00000, 0x0000000100000000)
  eden space 8704K, 100% used [0x00000000eab00000,0x00000000eb380000,0x00000000eb380000)
  from space 1024K, 100% used [0x00000000eb700000,0x00000000eb800000,0x00000000eb800000)
  to   space 3584K, 0% used [0x00000000eb380000,0x00000000eb380000,0x00000000eb700000)
 ParOldGen       total 148480K, used 139687K [0x00000000c0000000, 0x00000000c9100000, 0x00000000eab00000)
  object space 148480K, 94% used [0x00000000c0000000,0x00000000c8869d20,0x00000000c9100000)
 Metaspace       used 61415K, capacity 64607K, committed 64856K, reserved 1107968K
  class space    used 5962K, capacity 7178K, committed 7296K, reserved 1048576K
}
Event: 80.793 GC heap after
{Heap after GC invocations=59 (full 5):
 PSYoungGen      total 10752K, used 1950K [0x00000000eab00000, 0x00000000eb880000, 0x0000000100000000)
  eden space 8704K, 0% used [0x00000000eab00000,0x00000000eab00000,0x00000000eb380000)
  from space 2048K, 95% used [0x00000000eb380000,0x00000000eb567b10,0x00000000eb580000)
  to   space 2560K, 0% used [0x00000000eb600000,0x00000000eb600000,0x00000000eb880000)
 ParOldGen       total 148480K, used 140408K [0x00000000c0000000, 0x00000000c9100000, 0x00000000eab00000)
  object space 148480K, 94% used [0x00000000c0000000,0x00000000c891e030,0x00000000c9100000)
 Metaspace       used 61415K, capacity 64607K, committed 64856K, reserved 1107968K
  class space    used 5962K, capacity 7178K, committed 7296K, reserved 1048576K
}
Event: 88.672 GC heap before
{Heap before GC invocations=60 (full 5):
 PSYoungGen      total 10752K, used 10654K [0x00000000eab00000, 0x00000000eb880000, 0x0000000100000000)
  eden space 8704K, 99% used [0x00000000eab00000,0x00000000eb37ffd0,0x00000000eb380000)
  from space 2048K, 95% used [0x00000000eb380000,0x00000000eb567b10,0x00000000eb580000)
  to   space 2560K, 0% used [0x00000000eb600000,0x00000000eb600000,0x00000000eb880000)
 ParOldGen       total 148480K, used 140408K [0x00000000c0000000, 0x00000000c9100000, 0x00000000eab00000)
  object space 148480K, 94% used [0x00000000c0000000,0x00000000c891e030,0x00000000c9100000)
 Metaspace       used 61536K, capacity 64736K, committed 64856K, reserved 1107968K
  class space    used 5968K, capacity 7178K, committed 7296K, reserved 1048576K
}
Event: 88.688 GC heap after
{Heap after GC invocations=60 (full 5):
 PSYoungGen      total 10752K, used 1838K [0x00000000eab00000, 0x00000000eb800000, 0x0000000100000000)
  eden space 8704K, 0% used [0x00000000eab00000,0x00000000eab00000,0x00000000eb380000)
  from space 2048K, 89% used [0x00000000eb600000,0x00000000eb7cbb00,0x00000000eb800000)
  to   space 2048K, 0% used [0x00000000eb380000,0x00000000eb380000,0x00000000eb580000)
 ParOldGen       total 148480K, used 140416K [0x00000000c0000000, 0x00000000c9100000, 0x00000000eab00000)
  object space 148480K, 94% used [0x00000000c0000000,0x00000000c8920030,0x00000000c9100000)
 Metaspace       used 61536K, capacity 64736K, committed 64856K, reserved 1107968K
  class space    used 5968K, capacity 7178K, committed 7296K, reserved 1048576K
}
Event: 89.071 GC heap before
{Heap before GC invocations=61 (full 5):
 PSYoungGen      total 10752K, used 10542K [0x00000000eab00000, 0x00000000eb800000, 0x0000000100000000)
  eden space 8704K, 100% used [0x00000000eab00000,0x00000000eb380000,0x00000000eb380000)
  from space 2048K, 89% used [0x00000000eb600000,0x00000000eb7cbb00,0x00000000eb800000)
  to   space 2048K, 0% used [0x00000000eb380000,0x00000000eb380000,0x00000000eb580000)
 ParOldGen       total 148480K, used 140416K [0x00000000c0000000, 0x00000000c9100000, 0x00000000eab00000)
  object space 148480K, 94% used [0x00000000c0000000,0x00000000c8920030,0x00000000c9100000)
 Metaspace       used 61560K, capacity 64736K, committed 64856K, reserved 1107968K
  class space    used 5968K, capacity 7178K, committed 7296K, reserved 1048576K
}
Event: 89.102 GC heap after
{Heap after GC invocations=61 (full 5):
 PSYoungGen      total 10752K, used 2025K [0x00000000eab00000, 0x00000000eba80000, 0x0000000100000000)
  eden space 8704K, 0% used [0x00000000eab00000,0x00000000eab00000,0x00000000eb380000)
  from space 2048K, 98% used [0x00000000eb380000,0x00000000eb57a400,0x00000000eb580000)
  to   space 3584K, 0% used [0x00000000eb700000,0x00000000eb700000,0x00000000eba80000)
 ParOldGen       total 148480K, used 141416K [0x00000000c0000000, 0x00000000c9100000, 0x00000000eab00000)
  object space 148480K, 95% used [0x00000000c0000000,0x00000000c8a1a070,0x00000000c9100000)
 Metaspace       used 61560K, capacity 64736K, committed 64856K, reserved 1107968K
  class space    used 5968K, capacity 7178K, committed 7296K, reserved 1048576K
}
Event: 89.376 GC heap before
{Heap before GC invocations=62 (full 5):
 PSYoungGen      total 10752K, used 10729K [0x00000000eab00000, 0x00000000eba80000, 0x0000000100000000)
  eden space 8704K, 100% used [0x00000000eab00000,0x00000000eb380000,0x00000000eb380000)
  from space 2048K, 98% used [0x00000000eb380000,0x00000000eb57a400,0x00000000eb580000)
  to   space 3584K, 0% used [0x00000000eb700000,0x00000000eb700000,0x00000000eba80000)
 ParOldGen       total 148480K, used 141416K [0x00000000c0000000, 0x00000000c9100000, 0x00000000eab00000)
  object space 148480K, 95% used [0x00000000c0000000,0x00000000c8a1a070,0x00000000c9100000)
 Metaspace       used 61579K, capacity 64736K, committed 64856K, reserved 1107968K
  class space    used 5968K, capacity 7178K, committed 7296K, reserved 1048576K
}
Event: 89.389 GC heap after
{Heap after GC invocations=62 (full 5):
 PSYoungGen      total 11776K, used 2637K [0x00000000eab00000, 0x00000000eba00000, 0x0000000100000000)
  eden space 8704K, 0% used [0x00000000eab00000,0x00000000eab00000,0x00000000eb380000)
  from space 3072K, 85% used [0x00000000eb700000,0x00000000eb993610,0x00000000eba00000)
  to   space 3072K, 0% used [0x00000000eb400000,0x00000000eb400000,0x00000000eb700000)
 ParOldGen       total 148480K, used 142104K [0x00000000c0000000, 0x00000000c9100000, 0x00000000eab00000)
  object space 148480K, 95% used [0x00000000c0000000,0x00000000c8ac6070,0x00000000c9100000)
 Metaspace       used 61579K, capacity 64736K, committed 64856K, reserved 1107968K
  class space    used 5968K, capacity 7178K, committed 7296K, reserved 1048576K
}
Event: 89.569 GC heap before
{Heap before GC invocations=63 (full 5):
 PSYoungGen      total 11776K, used 11341K [0x00000000eab00000, 0x00000000eba00000, 0x0000000100000000)
  eden space 8704K, 100% used [0x00000000eab00000,0x00000000eb380000,0x00000000eb380000)
  from space 3072K, 85% used [0x00000000eb700000,0x00000000eb993610,0x00000000eba00000)
  to   space 3072K, 0% used [0x00000000eb400000,0x00000000eb400000,0x00000000eb700000)
 ParOldGen       total 148480K, used 142104K [0x00000000c0000000, 0x00000000c9100000, 0x00000000eab00000)
  object space 148480K, 95% used [0x00000000c0000000,0x00000000c8ac6070,0x00000000c9100000)
 Metaspace       used 61628K, capacity 64802K, committed 65112K, reserved 1107968K
  class space    used 5968K, capacity 7178K, committed 7296K, reserved 1048576K
}
Event: 89.578 GC heap after
{Heap after GC invocations=63 (full 5):
 PSYoungGen      total 11776K, used 2988K [0x00000000eab00000, 0x00000000eb980000, 0x0000000100000000)
  eden space 8704K, 0% used [0x00000000eab00000,0x00000000eab00000,0x00000000eb380000)
  from space 3072K, 97% used [0x00000000eb400000,0x00000000eb6eb120,0x00000000eb700000)
  to   space 2560K, 0% used [0x00000000eb700000,0x00000000eb700000,0x00000000eb980000)
 ParOldGen       total 148480K, used 142104K [0x00000000c0000000, 0x00000000c9100000, 0x00000000eab00000)
  object space 148480K, 95% used [0x00000000c0000000,0x00000000c8ac6070,0x00000000c9100000)
 Metaspace       used 61628K, capacity 64802K, committed 65112K, reserved 1107968K
  class space    used 5968K, capacity 7178K, committed 7296K, reserved 1048576K
}
Event: 89.779 GC heap before
{Heap before GC invocations=64 (full 5):
 PSYoungGen      total 11776K, used 11692K [0x00000000eab00000, 0x00000000eb980000, 0x0000000100000000)
  eden space 8704K, 100% used [0x00000000eab00000,0x00000000eb380000,0x00000000eb380000)
  from space 3072K, 97% used [0x00000000eb400000,0x00000000eb6eb120,0x00000000eb700000)
  to   space 2560K, 0% used [0x00000000eb700000,0x00000000eb700000,0x00000000eb980000)
 ParOldGen       total 148480K, used 142104K [0x00000000c0000000, 0x00000000c9100000, 0x00000000eab00000)
  object space 148480K, 95% used [0x00000000c0000000,0x00000000c8ac6070,0x00000000c9100000)
 Metaspace       used 61643K, capacity 64802K, committed 65112K, reserved 1107968K
  class space    used 5968K, capacity 7178K, committed 7296K, reserved 1048576K
}
Event: 89.796 GC heap after
{Heap after GC invocations=64 (full 5):
 PSYoungGen      total 11264K, used 2535K [0x00000000eab00000, 0x00000000eba80000, 0x0000000100000000)
  eden space 8704K, 0% used [0x00000000eab00000,0x00000000eab00000,0x00000000eb380000)
  from space 2560K, 99% used [0x00000000eb700000,0x00000000eb979f10,0x00000000eb980000)
  to   space 3584K, 0% used [0x00000000eb380000,0x00000000eb380000,0x00000000eb700000)
 ParOldGen       total 148480K, used 142910K [0x00000000c0000000, 0x00000000c9100000, 0x00000000eab00000)
  object space 148480K, 96% used [0x00000000c0000000,0x00000000c8b8f850,0x00000000c9100000)
 Metaspace       used 61643K, capacity 64802K, committed 65112K, reserved 1107968K
  class space    used 5968K, capacity 7178K, committed 7296K, reserved 1048576K
}
Event: 90.023 GC heap before
{Heap before GC invocations=65 (full 5):
 PSYoungGen      total 11264K, used 11239K [0x00000000eab00000, 0x00000000eba80000, 0x0000000100000000)
  eden space 8704K, 100% used [0x00000000eab00000,0x00000000eb380000,0x00000000eb380000)
  from space 2560K, 99% used [0x00000000eb700000,0x00000000eb979f10,0x00000000eb980000)
  to   space 3584K, 0% used [0x00000000eb380000,0x00000000eb380000,0x00000000eb700000)
 ParOldGen       total 148480K, used 142910K [0x00000000c0000000, 0x00000000c9100000, 0x00000000eab00000)
  object space 148480K, 96% used [0x00000000c0000000,0x00000000c8b8f850,0x00000000c9100000)
 Metaspace       used 61691K, capacity 64866K, committed 65112K, reserved 1107968K
  class space    used 5968K, capacity 7178K, committed 7296K, reserved 1048576K
}
Event: 90.044 GC heap after
{Heap after GC invocations=65 (full 5):
 PSYoungGen      total 12288K, used 3165K [0x00000000eab00000, 0x00000000eba80000, 0x0000000100000000)
  eden space 8704K, 0% used [0x00000000eab00000,0x00000000eab00000,0x00000000eb380000)
  from space 3584K, 88% used [0x00000000eb380000,0x00000000eb697620,0x00000000eb700000)
  to   space 3584K, 0% used [0x00000000eb700000,0x00000000eb700000,0x00000000eba80000)
 ParOldGen       total 148480K, used 144267K [0x00000000c0000000, 0x00000000c9100000, 0x00000000eab00000)
  object space 148480K, 97% used [0x00000000c0000000,0x00000000c8ce2e70,0x00000000c9100000)
 Metaspace       used 61691K, capacity 64866K, committed 65112K, reserved 1107968K
  class space    used 5968K, capacity 7178K, committed 7296K, reserved 1048576K
}

